{"/Users/timothydehof/Dev/dehottUI/src/components/Button.jsx": {"path":"/Users/timothydehof/Dev/dehottUI/src/components/Button.jsx","all":false,"statementMap":{"0":{"start":{"line":1,"column":0},"end":{"line":1,"column":26}},"1":{"start":{"line":2,"column":0},"end":{"line":2,"column":46}},"2":{"start":{"line":3,"column":0},"end":{"line":3,"column":0}},"3":{"start":{"line":4,"column":0},"end":{"line":4,"column":63}},"4":{"start":{"line":5,"column":0},"end":{"line":5,"column":10}},"5":{"start":{"line":6,"column":0},"end":{"line":6,"column":11}},"6":{"start":{"line":7,"column":0},"end":{"line":7,"column":15}},"7":{"start":{"line":8,"column":0},"end":{"line":8,"column":23}},"8":{"start":{"line":9,"column":0},"end":{"line":9,"column":104}},"9":{"start":{"line":10,"column":0},"end":{"line":10,"column":16}},"10":{"start":{"line":11,"column":0},"end":{"line":11,"column":13}},"11":{"start":{"line":12,"column":0},"end":{"line":12,"column":4}},"12":{"start":{"line":13,"column":0},"end":{"line":13,"column":2}},"13":{"start":{"line":14,"column":0},"end":{"line":14,"column":0}},"14":{"start":{"line":15,"column":0},"end":{"line":15,"column":22}}},"s":{"0":1,"1":1,"2":1,"3":1,"4":2,"5":2,"6":2,"7":2,"8":2,"9":2,"10":2,"11":2,"12":2,"13":1,"14":1},"branchMap":{"0":{"type":"branch","line":4,"loc":{"start":{"line":4,"column":15},"end":{"line":13,"column":2}},"locations":[{"start":{"line":4,"column":15},"end":{"line":13,"column":2}}]}},"b":{"0":[2]},"fnMap":{"0":{"name":"Button","decl":{"start":{"line":4,"column":15},"end":{"line":13,"column":2}},"loc":{"start":{"line":4,"column":15},"end":{"line":13,"column":2}},"line":4}},"f":{"0":2}}
,"/Users/timothydehof/Dev/dehottUI/src/components/Card.jsx": {"path":"/Users/timothydehof/Dev/dehottUI/src/components/Card.jsx","all":false,"statementMap":{"0":{"start":{"line":1,"column":0},"end":{"line":1,"column":26}},"1":{"start":{"line":2,"column":0},"end":{"line":2,"column":46}},"2":{"start":{"line":3,"column":0},"end":{"line":3,"column":0}},"3":{"start":{"line":4,"column":0},"end":{"line":4,"column":73}},"4":{"start":{"line":5,"column":0},"end":{"line":5,"column":54}},"5":{"start":{"line":6,"column":0},"end":{"line":6,"column":26}},"6":{"start":{"line":7,"column":0},"end":{"line":7,"column":164}},"7":{"start":{"line":8,"column":0},"end":{"line":8,"column":10}},"8":{"start":{"line":9,"column":0},"end":{"line":9,"column":8}},"9":{"start":{"line":10,"column":0},"end":{"line":10,"column":24}},"10":{"start":{"line":11,"column":0},"end":{"line":11,"column":76}},"11":{"start":{"line":12,"column":0},"end":{"line":12,"column":10}},"12":{"start":{"line":13,"column":0},"end":{"line":13,"column":26}},"13":{"start":{"line":14,"column":0},"end":{"line":14,"column":42}},"14":{"start":{"line":15,"column":0},"end":{"line":15,"column":26}},"15":{"start":{"line":16,"column":0},"end":{"line":16,"column":8}},"16":{"start":{"line":17,"column":0},"end":{"line":17,"column":33}},"17":{"start":{"line":18,"column":0},"end":{"line":18,"column":79}},"18":{"start":{"line":19,"column":0},"end":{"line":19,"column":47}},"19":{"start":{"line":20,"column":0},"end":{"line":20,"column":54}},"20":{"start":{"line":21,"column":0},"end":{"line":21,"column":12}},"21":{"start":{"line":22,"column":0},"end":{"line":22,"column":12}},"22":{"start":{"line":23,"column":0},"end":{"line":23,"column":38}},"23":{"start":{"line":24,"column":0},"end":{"line":24,"column":35}},"24":{"start":{"line":25,"column":0},"end":{"line":25,"column":18}},"25":{"start":{"line":26,"column":0},"end":{"line":26,"column":17}},"26":{"start":{"line":27,"column":0},"end":{"line":27,"column":34}},"27":{"start":{"line":28,"column":0},"end":{"line":28,"column":29}},"28":{"start":{"line":29,"column":0},"end":{"line":29,"column":120}},"29":{"start":{"line":30,"column":0},"end":{"line":30,"column":19}},"30":{"start":{"line":31,"column":0},"end":{"line":31,"column":19}},"31":{"start":{"line":32,"column":0},"end":{"line":32,"column":12}},"32":{"start":{"line":33,"column":0},"end":{"line":33,"column":11}},"33":{"start":{"line":34,"column":0},"end":{"line":34,"column":12}},"34":{"start":{"line":35,"column":0},"end":{"line":35,"column":10}},"35":{"start":{"line":36,"column":0},"end":{"line":36,"column":4}},"36":{"start":{"line":37,"column":0},"end":{"line":37,"column":2}},"37":{"start":{"line":38,"column":0},"end":{"line":38,"column":0}},"38":{"start":{"line":39,"column":0},"end":{"line":39,"column":20}}},"s":{"0":1,"1":1,"2":1,"3":1,"4":2,"5":2,"6":2,"7":2,"8":2,"9":2,"10":2,"11":2,"12":2,"13":2,"14":2,"15":2,"16":2,"17":2,"18":2,"19":2,"20":2,"21":2,"22":2,"23":2,"24":6,"25":6,"26":6,"27":6,"28":6,"29":6,"30":6,"31":6,"32":2,"33":2,"34":2,"35":2,"36":2,"37":1,"38":1},"branchMap":{"0":{"type":"branch","line":4,"loc":{"start":{"line":4,"column":13},"end":{"line":37,"column":2}},"locations":[{"start":{"line":4,"column":13},"end":{"line":37,"column":2}}]},"1":{"type":"branch","line":5,"loc":{"start":{"line":5,"column":15},"end":{"line":5,"column":29}},"locations":[{"start":{"line":5,"column":15},"end":{"line":5,"column":29}}]},"2":{"type":"branch","line":5,"loc":{"start":{"line":5,"column":22},"end":{"line":5,"column":54}},"locations":[{"start":{"line":5,"column":22},"end":{"line":5,"column":54}}]},"3":{"type":"branch","line":14,"loc":{"start":{"line":14,"column":13},"end":{"line":14,"column":25}},"locations":[{"start":{"line":14,"column":13},"end":{"line":14,"column":25}}]},"4":{"type":"branch","line":14,"loc":{"start":{"line":14,"column":19},"end":{"line":14,"column":42}},"locations":[{"start":{"line":14,"column":19},"end":{"line":14,"column":42}}]},"5":{"type":"branch","line":18,"loc":{"start":{"line":18,"column":49},"end":{"line":18,"column":65}},"locations":[{"start":{"line":18,"column":49},"end":{"line":18,"column":65}}]},"6":{"type":"branch","line":18,"loc":{"start":{"line":18,"column":57},"end":{"line":18,"column":73}},"locations":[{"start":{"line":18,"column":57},"end":{"line":18,"column":73}}]},"7":{"type":"branch","line":20,"loc":{"start":{"line":20,"column":11},"end":{"line":20,"column":39}},"locations":[{"start":{"line":20,"column":11},"end":{"line":20,"column":39}}]},"8":{"type":"branch","line":20,"loc":{"start":{"line":20,"column":25},"end":{"line":20,"column":54}},"locations":[{"start":{"line":20,"column":25},"end":{"line":20,"column":54}}]},"9":{"type":"branch","line":24,"loc":{"start":{"line":24,"column":18},"end":{"line":33,"column":9}},"locations":[{"start":{"line":24,"column":18},"end":{"line":33,"column":9}}]}},"b":{"0":[2],"1":[1],"2":[1],"3":[1],"4":[1],"5":[1],"6":[1],"7":[1],"8":[1],"9":[6]},"fnMap":{"0":{"name":"Card","decl":{"start":{"line":4,"column":13},"end":{"line":37,"column":2}},"loc":{"start":{"line":4,"column":13},"end":{"line":37,"column":2}},"line":4}},"f":{"0":2}}
,"/Users/timothydehof/Dev/dehottUI/src/components/classNamesUtil.js": {"path":"/Users/timothydehof/Dev/dehottUI/src/components/classNamesUtil.js","all":false,"statementMap":{"0":{"start":{"line":1,"column":0},"end":{"line":1,"column":52}},"1":{"start":{"line":2,"column":0},"end":{"line":2,"column":43}},"2":{"start":{"line":3,"column":0},"end":{"line":3,"column":1}}},"s":{"0":1,"1":0,"2":0},"branchMap":{},"b":{},"fnMap":{"0":{"name":"classNamesUtil","decl":{"start":{"line":1,"column":15},"end":{"line":3,"column":1}},"loc":{"start":{"line":1,"column":15},"end":{"line":3,"column":1}},"line":1}},"f":{"0":0}}
}
